This is pdfTeX, Version 3.141592653-2.6-1.40.26 (MiKTeX 24.4) (preloaded format=pdflatex 2024.10.19)  6 JUL 2025 22:54
entering extended mode
 restricted \write18 enabled.
 file:line:error style messages enabled.
 %&-line parsing enabled.
**d:/CAIProj/docs/ProjectDocs/Docs_fixed.tex
(d:/CAIProj/docs/ProjectDocs/Docs_fixed.tex
LaTeX2e <2024-06-01> patch level 2
L3 programming layer <2024-09-10>
(C:\Users\rupap\AppData\Local\Programs\MiKTeX\tex/latex/base\article.cls
Document Class: article 2024/02/08 v1.4n Standard LaTeX document class
(C:\Users\rupap\AppData\Local\Programs\MiKTeX\tex/latex/base\size12.clo
File: size12.clo 2024/02/08 v1.4n Standard LaTeX file (size option)
)
\c@part=\count194
\c@section=\count195
\c@subsection=\count196
\c@subsubsection=\count197
\c@paragraph=\count198
\c@subparagraph=\count199
\c@figure=\count266
\c@table=\count267
\abovecaptionskip=\skip49
\belowcaptionskip=\skip50
\bibindent=\dimen141
) (C:\Users\rupap\AppData\Local\Programs\MiKTeX\tex/latex/geometry\geometry.sty
Package: geometry 2020/01/02 v5.9 Page Geometry
 (C:\Users\rupap\AppData\Local\Programs\MiKTeX\tex/latex/graphics\keyval.sty
Package: keyval 2022/05/29 v1.15 key=value parser (DPC)
\KV@toks@=\toks17
) (C:\Users\rupap\AppData\Local\Programs\MiKTeX\tex/generic/iftex\ifvtex.sty
Package: ifvtex 2019/10/25 v1.7 ifvtex legacy package. Use iftex instead.
 (C:\Users\rupap\AppData\Local\Programs\MiKTeX\tex/generic/iftex\iftex.sty
Package: iftex 2022/02/03 v1.0f TeX engine tests
))
\Gm@cnth=\count268
\Gm@cntv=\count269
\c@Gm@tempcnt=\count270
\Gm@bindingoffset=\dimen142
\Gm@wd@mp=\dimen143
\Gm@odd@mp=\dimen144
\Gm@even@mp=\dimen145
\Gm@layoutwidth=\dimen146
\Gm@layoutheight=\dimen147
\Gm@layouthoffset=\dimen148
\Gm@layoutvoffset=\dimen149
\Gm@dimlist=\toks18
 (C:\Users\rupap\AppData\Local\Programs\MiKTeX\tex/latex/geometry\geometry.cfg)) (C:\Users\rupap\AppData\Local\Programs\MiKTeX\tex/latex/graphics\graphicx.sty
Package: graphicx 2021/09/16 v1.2d Enhanced LaTeX Graphics (DPC,SPQR)
 (C:\Users\rupap\AppData\Local\Programs\MiKTeX\tex/latex/graphics\graphics.sty
Package: graphics 2024/05/23 v1.4g Standard LaTeX Graphics (DPC,SPQR)
 (C:\Users\rupap\AppData\Local\Programs\MiKTeX\tex/latex/graphics\trig.sty
Package: trig 2023/12/02 v1.11 sin cos tan (DPC)
) (C:\Users\rupap\AppData\Local\Programs\MiKTeX\tex/latex/graphics-cfg\graphics.cfg
File: graphics.cfg 2016/06/04 v1.11 sample graphics configuration
)
Package graphics Info: Driver file: pdftex.def on input line 106.
 (C:\Users\rupap\AppData\Local\Programs\MiKTeX\tex/latex/graphics-def\pdftex.def
File: pdftex.def 2024/04/13 v1.2c Graphics/color driver for pdftex
))
\Gin@req@height=\dimen150
\Gin@req@width=\dimen151
) (C:\Users\rupap\AppData\Local\Programs\MiKTeX\tex/latex/enumitem\enumitem.sty
Package: enumitem 2019/06/20 v3.9 Customized lists
\labelindent=\skip51
\enit@outerparindent=\dimen152
\enit@toks=\toks19
\enit@inbox=\box52
\enit@count@id=\count271
\enitdp@description=\count272
) (C:\Users\rupap\AppData\Local\Programs\MiKTeX\tex/latex/hyperref\hyperref.sty
Package: hyperref 2024-07-10 v7.01j Hypertext links for LaTeX
 (C:\Users\rupap\AppData\Local\Programs\MiKTeX\tex/latex/kvsetkeys\kvsetkeys.sty
Package: kvsetkeys 2022-10-05 v1.19 Key value parser (HO)
) (C:\Users\rupap\AppData\Local\Programs\MiKTeX\tex/generic/kvdefinekeys\kvdefinekeys.sty
Package: kvdefinekeys 2019-12-19 v1.6 Define keys (HO)
) (C:\Users\rupap\AppData\Local\Programs\MiKTeX\tex/generic/pdfescape\pdfescape.sty
Package: pdfescape 2019/12/09 v1.15 Implements pdfTeX's escape features (HO)
 (C:\Users\rupap\AppData\Local\Programs\MiKTeX\tex/generic/ltxcmds\ltxcmds.sty
Package: ltxcmds 2023-12-04 v1.26 LaTeX kernel commands for general use (HO)
) (C:\Users\rupap\AppData\Local\Programs\MiKTeX\tex/generic/pdftexcmds\pdftexcmds.sty
Package: pdftexcmds 2020-06-27 v0.33 Utility functions of pdfTeX for LuaTeX (HO)
 (C:\Users\rupap\AppData\Local\Programs\MiKTeX\tex/generic/infwarerr\infwarerr.sty
Package: infwarerr 2019/12/03 v1.5 Providing info/warning/error messages (HO)
)
Package pdftexcmds Info: \pdf@primitive is available.
Package pdftexcmds Info: \pdf@ifprimitive is available.
Package pdftexcmds Info: \pdfdraftmode found.
)) (C:\Users\rupap\AppData\Local\Programs\MiKTeX\tex/latex/hycolor\hycolor.sty
Package: hycolor 2020-01-27 v1.10 Color options for hyperref/bookmark (HO)
) (C:\Users\rupap\AppData\Local\Programs\MiKTeX\tex/latex/hyperref\nameref.sty
Package: nameref 2023-11-26 v2.56 Cross-referencing by name of section
 (C:\Users\rupap\AppData\Local\Programs\MiKTeX\tex/latex/refcount\refcount.sty
Package: refcount 2019/12/15 v3.6 Data extraction from label references (HO)
) (C:\Users\rupap\AppData\Local\Programs\MiKTeX\tex/generic/gettitlestring\gettitlestring.sty
Package: gettitlestring 2019/12/15 v1.6 Cleanup title references (HO)
 (C:\Users\rupap\AppData\Local\Programs\MiKTeX\tex/latex/kvoptions\kvoptions.sty
Package: kvoptions 2022-06-15 v3.15 Key value format for package options (HO)
))
\c@section@level=\count273
) (C:\Users\rupap\AppData\Local\Programs\MiKTeX\tex/latex/etoolbox\etoolbox.sty
Package: etoolbox 2020/10/05 v2.5k e-TeX tools for LaTeX (JAW)
\etb@tempcnta=\count274
) (C:\Users\rupap\AppData\Local\Programs\MiKTeX\tex/generic/stringenc\stringenc.sty
Package: stringenc 2019/11/29 v1.12 Convert strings between diff. encodings (HO)
)
\@linkdim=\dimen153
\Hy@linkcounter=\count275
\Hy@pagecounter=\count276
 (C:\Users\rupap\AppData\Local\Programs\MiKTeX\tex/latex/hyperref\pd1enc.def
File: pd1enc.def 2024-07-10 v7.01j Hyperref: PDFDocEncoding definition (HO)
Now handling font encoding PD1 ...
... no UTF-8 mapping file for font encoding PD1
) (C:\Users\rupap\AppData\Local\Programs\MiKTeX\tex/generic/intcalc\intcalc.sty
Package: intcalc 2019/12/15 v1.3 Expandable calculations with integers (HO)
)
\Hy@SavedSpaceFactor=\count277
 (C:\Users\rupap\AppData\Local\Programs\MiKTeX\tex/latex/hyperref\puenc.def
File: puenc.def 2024-07-10 v7.01j Hyperref: PDF Unicode definition (HO)
Now handling font encoding PU ...
... no UTF-8 mapping file for font encoding PU
)
Package hyperref Info: Hyper figures OFF on input line 4157.
Package hyperref Info: Link nesting OFF on input line 4162.
Package hyperref Info: Hyper index ON on input line 4165.
Package hyperref Info: Plain pages OFF on input line 4172.
Package hyperref Info: Backreferencing OFF on input line 4177.
Package hyperref Info: Implicit mode ON; LaTeX internals redefined.
Package hyperref Info: Bookmarks ON on input line 4424.
\c@Hy@tempcnt=\count278
 (C:\Users\rupap\AppData\Local\Programs\MiKTeX\tex/latex/url\url.sty
\Urlmuskip=\muskip17
Package: url 2013/09/16  ver 3.4  Verb mode for urls, etc.
)
LaTeX Info: Redefining \url on input line 4763.
\XeTeXLinkMargin=\dimen154
 (C:\Users\rupap\AppData\Local\Programs\MiKTeX\tex/generic/bitset\bitset.sty
Package: bitset 2019/12/09 v1.3 Handle bit-vector datatype (HO)
 (C:\Users\rupap\AppData\Local\Programs\MiKTeX\tex/generic/bigintcalc\bigintcalc.sty
Package: bigintcalc 2019/12/15 v1.5 Expandable calculations on big integers (HO)
))
\Fld@menulength=\count279
\Field@Width=\dimen155
\Fld@charsize=\dimen156
Package hyperref Info: Hyper figures OFF on input line 6042.
Package hyperref Info: Link nesting OFF on input line 6047.
Package hyperref Info: Hyper index ON on input line 6050.
Package hyperref Info: backreferencing OFF on input line 6057.
Package hyperref Info: Link coloring OFF on input line 6062.
Package hyperref Info: Link coloring with OCG OFF on input line 6067.
Package hyperref Info: PDF/A mode OFF on input line 6072.
 (C:\Users\rupap\AppData\Local\Programs\MiKTeX\tex/latex/base\atbegshi-ltx.sty
Package: atbegshi-ltx 2021/01/10 v1.0c Emulation of the original atbegshi
package with kernel methods
)
\Hy@abspage=\count280
\c@Item=\count281
\c@Hfootnote=\count282
)
Package hyperref Info: Driver (autodetected): hpdftex.
 (C:\Users\rupap\AppData\Local\Programs\MiKTeX\tex/latex/hyperref\hpdftex.def
File: hpdftex.def 2024-07-10 v7.01j Hyperref driver for pdfTeX
 (C:\Users\rupap\AppData\Local\Programs\MiKTeX\tex/latex/base\atveryend-ltx.sty
Package: atveryend-ltx 2020/08/19 v1.0a Emulation of the original atveryend package
with kernel methods
)
\Fld@listcount=\count283
\c@bookmark@seq@number=\count284
 (C:\Users\rupap\AppData\Local\Programs\MiKTeX\tex/latex/rerunfilecheck\rerunfilecheck.sty
Package: rerunfilecheck 2022-07-10 v1.10 Rerun checks for auxiliary files (HO)
 (C:\Users\rupap\AppData\Local\Programs\MiKTeX\tex/generic/uniquecounter\uniquecounter.sty
Package: uniquecounter 2019/12/15 v1.4 Provide unlimited unique counter (HO)
)
Package uniquecounter Info: New unique counter `rerunfilecheck' on input line 285.
)
\Hy@SectionHShift=\skip52
) (C:\Users\rupap\AppData\Local\Programs\MiKTeX\tex/latex/titlesec\titlesec.sty
Package: titlesec 2025/01/04 v2.17 Sectioning titles
\ttl@box=\box53
\beforetitleunit=\skip53
\aftertitleunit=\skip54
\ttl@plus=\dimen157
\ttl@minus=\dimen158
\ttl@toksa=\toks20
\titlewidth=\dimen159
\titlewidthlast=\dimen160
\titlewidthfirst=\dimen161
) (C:\Users\rupap\AppData\Local\Programs\MiKTeX\tex/latex/fancyhdr\fancyhdr.sty
Package: fancyhdr 2024/07/23 v4.3.1 Extensive control of page headers and footers
\f@nch@headwidth=\skip55
\f@nch@O@elh=\skip56
\f@nch@O@erh=\skip57
\f@nch@O@olh=\skip58
\f@nch@O@orh=\skip59
\f@nch@O@elf=\skip60
\f@nch@O@erf=\skip61
\f@nch@O@olf=\skip62
\f@nch@O@orf=\skip63
) (C:\Users\rupap\AppData\Local\Programs\MiKTeX\tex/latex/tools\longtable.sty
Package: longtable 2024-04-26 v4.20 Multi-page Table package (DPC)
\LTleft=\skip64
\LTright=\skip65
\LTpre=\skip66
\LTpost=\skip67
\LTchunksize=\count285
\LTcapwidth=\dimen162
\LT@head=\box54
\LT@firsthead=\box55
\LT@foot=\box56
\LT@lastfoot=\box57
\LT@gbox=\box58
\LT@cols=\count286
\LT@rows=\count287
\c@LT@tables=\count288
\c@LT@chunks=\count289
\LT@p@ftn=\toks21
) (C:\Users\rupap\AppData\Local\Programs\MiKTeX\tex/latex/tools\tabularx.sty
Package: tabularx 2023/12/11 v2.12a `tabularx' package (DPC)
 (C:\Users\rupap\AppData\Local\Programs\MiKTeX\tex/latex/tools\array.sty
Package: array 2024/06/14 v2.6d Tabular extension package (FMi)
\col@sep=\dimen163
\ar@mcellbox=\box59
\extrarowheight=\dimen164
\NC@list=\toks22
\extratabsurround=\skip68
\backup@length=\skip69
\ar@cellbox=\box60
)
\TX@col@width=\dimen165
\TX@old@table=\dimen166
\TX@old@col=\dimen167
\TX@target=\dimen168
\TX@delta=\dimen169
\TX@cols=\count290
\TX@ftn=\toks23
) (C:\Users\rupap\AppData\Local\Programs\MiKTeX\tex/latex/booktabs\booktabs.sty
Package: booktabs 2020/01/12 v1.61803398 Publication quality tables
\heavyrulewidth=\dimen170
\lightrulewidth=\dimen171
\cmidrulewidth=\dimen172
\belowrulesep=\dimen173
\belowbottomsep=\dimen174
\aboverulesep=\dimen175
\abovetopsep=\dimen176
\cmidrulesep=\dimen177
\cmidrulekern=\dimen178
\defaultaddspace=\dimen179
\@cmidla=\count291
\@cmidlb=\count292
\@aboverulesep=\dimen180
\@belowrulesep=\dimen181
\@thisruleclass=\count293
\@lastruleclass=\count294
\@thisrulewidth=\dimen182
) (C:\Users\rupap\AppData\Local\Programs\MiKTeX\tex/latex/parskip\parskip.sty
Package: parskip 2021-03-14 v2.0h non-zero parskip adjustments
) (C:\Users\rupap\AppData\Local\Programs\MiKTeX\tex/latex/graphics\color.sty
Package: color 2024/01/14 v1.3d Standard LaTeX Color (DPC)
 (C:\Users\rupap\AppData\Local\Programs\MiKTeX\tex/latex/graphics-cfg\color.cfg
File: color.cfg 2016/01/02 v1.6 sample color configuration
)
Package color Info: Driver file: pdftex.def on input line 149.
 (C:\Users\rupap\AppData\Local\Programs\MiKTeX\tex/latex/graphics\mathcolor.ltx)) (C:\Users\rupap\AppData\Local\Programs\MiKTeX\tex/latex/graphics\lscape.sty
Package: lscape 2020/05/28 v3.02 Landscape Pages (DPC)
) (C:\Users\rupap\AppData\Local\Programs\MiKTeX\tex/latex/l3backend\l3backend-pdftex.def
File: l3backend-pdftex.def 2024-05-08 L3 backend support: PDF output (pdfTeX)
\l__color_backend_stack_int=\count295
\l__pdf_internal_box=\box61
) (Docs_fixed.aux)
\openout1 = `Docs_fixed.aux'.

LaTeX Font Info:    Checking defaults for OML/cmm/m/it on input line 24.
LaTeX Font Info:    ... okay on input line 24.
LaTeX Font Info:    Checking defaults for OMS/cmsy/m/n on input line 24.
LaTeX Font Info:    ... okay on input line 24.
LaTeX Font Info:    Checking defaults for OT1/cmr/m/n on input line 24.
LaTeX Font Info:    ... okay on input line 24.
LaTeX Font Info:    Checking defaults for T1/cmr/m/n on input line 24.
LaTeX Font Info:    ... okay on input line 24.
LaTeX Font Info:    Checking defaults for TS1/cmr/m/n on input line 24.
LaTeX Font Info:    ... okay on input line 24.
LaTeX Font Info:    Checking defaults for OMX/cmex/m/n on input line 24.
LaTeX Font Info:    ... okay on input line 24.
LaTeX Font Info:    Checking defaults for U/cmr/m/n on input line 24.
LaTeX Font Info:    ... okay on input line 24.
LaTeX Font Info:    Checking defaults for PD1/pdf/m/n on input line 24.
LaTeX Font Info:    ... okay on input line 24.
LaTeX Font Info:    Checking defaults for PU/pdf/m/n on input line 24.
LaTeX Font Info:    ... okay on input line 24.

*geometry* driver: auto-detecting
*geometry* detected driver: pdftex
*geometry* verbose mode - [ preamble ] result:
* driver: pdftex
* paper: a4paper
* layout: <same size as paper>
* layoutoffset:(h,v)=(0.0pt,0.0pt)
* modes: 
* h-part:(L,W,R)=(72.26999pt, 452.9679pt, 72.26999pt)
* v-part:(T,H,B)=(72.26999pt, 700.50687pt, 72.26999pt)
* \paperwidth=597.50787pt
* \paperheight=845.04684pt
* \textwidth=452.9679pt
* \textheight=700.50687pt
* \oddsidemargin=0.0pt
* \evensidemargin=0.0pt
* \topmargin=-37.0pt
* \headheight=14.5pt
* \headsep=25.0pt
* \topskip=12.0pt
* \footskip=30.0pt
* \marginparwidth=44.0pt
* \marginparsep=10.0pt
* \columnsep=10.0pt
* \skip\footins=10.8pt plus 4.0pt minus 2.0pt
* \hoffset=0.0pt
* \voffset=0.0pt
* \mag=1000
* \@twocolumnfalse
* \@twosidefalse
* \@mparswitchfalse
* \@reversemarginfalse
* (1in=72.27pt=25.4mm, 1cm=28.453pt)

(C:\Users\rupap\AppData\Local\Programs\MiKTeX\tex/context/base/mkii\supp-pdf.mkii
[Loading MPS to PDF converter (version 2006.09.02).]
\scratchcounter=\count296
\scratchdimen=\dimen183
\scratchbox=\box62
\nofMPsegments=\count297
\nofMParguments=\count298
\everyMPshowfont=\toks24
\MPscratchCnt=\count299
\MPscratchDim=\dimen184
\MPnumerator=\count300
\makeMPintoPDFobject=\count301
\everyMPtoPDFconversion=\toks25
) (C:\Users\rupap\AppData\Local\Programs\MiKTeX\tex/latex/epstopdf-pkg\epstopdf-base.sty
Package: epstopdf-base 2020-01-24 v2.11 Base part for package epstopdf
Package epstopdf-base Info: Redefining graphics rule for `.eps' on input line 485.
 (C:\Users\rupap\AppData\Local\Programs\MiKTeX\tex/latex/00miktex\epstopdf-sys.cfg
File: epstopdf-sys.cfg 2021/03/18 v2.0 Configuration of epstopdf for MiKTeX
))
Package hyperref Info: Link coloring OFF on input line 24.
 (Docs_fixed.out) (Docs_fixed.out)
\@outlinefile=\write3
\openout3 = `Docs_fixed.out'.

LaTeX Font Info:    External font `cmex10' loaded for size
(Font)              <14.4> on input line 27.
LaTeX Font Info:    External font `cmex10' loaded for size
(Font)              <7> on input line 27.
 (Docs_fixed.toc
LaTeX Font Info:    External font `cmex10' loaded for size
(Font)              <12> on input line 13.
LaTeX Font Info:    External font `cmex10' loaded for size
(Font)              <8> on input line 13.
LaTeX Font Info:    External font `cmex10' loaded for size
(Font)              <6> on input line 13.


[1

{C:/Users/rupap/AppData/Local/MiKTeX/fonts/map/pdftex/pdftex.map}])
\tf@toc=\write4
\openout4 = `Docs_fixed.toc'.



[2]

[3]
<Project_Screenshots/guessitworked.png, id=151, 867.24pt x 578.16pt>
File: Project_Screenshots/guessitworked.png Graphic file (type png)
<use Project_Screenshots/guessitworked.png>
Package pdftex.def Info: Project_Screenshots/guessitworked.png  used on input line 90.
(pdftex.def)             Requested size: 362.37569pt x 241.58163pt.


[4 <./Project_Screenshots/guessitworked.png>]

[5]
Underfull \hbox (badness 10000) in paragraph at lines 114--114
[]|\OT1/cmr/bx/n/12 Task
 []


Overfull \hbox (36.04979pt too wide) in alignment at lines 112--116
 [] [] [] [] 
 []


Underfull \hbox (badness 10000) in paragraph at lines 118--118
[]|\OT1/cmr/bx/n/12 Task
 []


Overfull \hbox (36.04979pt too wide) in alignment at lines 116--120
 [] [] [] [] 
 []


Underfull \hbox (badness 10000) in paragraph at lines 121--121
[]|\OT1/cmr/m/n/12 Communication &
 []


Underfull \hbox (badness 10000) in paragraph at lines 125--125
[]|\OT1/cmr/m/n/12 Syed Aayan
 []


Underfull \hbox (badness 10000) in paragraph at lines 125--125
[]|\OT1/cmr/m/n/12 Communication &
 []


Underfull \hbox (badness 10000) in paragraph at lines 129--129
[]|\OT1/cmr/m/n/12 Thomas
 []


Underfull \hbox (badness 10000) in paragraph at lines 130--130
[]|\OT1/cmr/m/n/12 Communication &
 []


Underfull \hbox (badness 10000) in paragraph at lines 132--133
[]|\OT1/cmr/m/n/12 Investigated syn-chro-niz-ing GPX
 []


Underfull \hbox (badness 10000) in paragraph at lines 135--135
[]|\OT1/cmr/m/n/12 Baatarbileg
 []


Underfull \hbox (badness 10000) in paragraph at lines 137--137
[]|\OT1/cmr/m/n/12 Altitude Ref-er-ence
 []


Underfull \hbox (badness 1253) in paragraph at lines 138--139
[]|\OT1/cmr/m/n/12 Created GitHub re-pos for back-end,
 []


Overfull \hbox (3.66762pt too wide) in paragraph at lines 139--139
[]|\OT1/cmr/m/n/12 T17/T18| 
 []


Underfull \hbox (badness 5050) in paragraph at lines 139--140
[]|\OT1/cmr/m/n/12 Loess-v2 se-lected as best method
 []


Underfull \hbox (badness 10000) in paragraph at lines 147--147
[]|\OT1/cmr/m/n/12 Altitude Ref-er-ence
 []


Underfull \hbox (badness 1253) in paragraph at lines 148--149
[]|\OT1/cmr/m/n/12 Created GitHub re-pos for back-end,
 []


Overfull \hbox (3.66762pt too wide) in paragraph at lines 149--149
[]|\OT1/cmr/m/n/12 T17/T18| 
 []


Underfull \hbox (badness 10000) in paragraph at lines 150--150
[]|\OT1/cmr/m/n/12 Curve Smooth-ing
 []


Underfull \hbox (badness 10000) in paragraph at lines 151--152
[]|\OT1/cmr/m/n/12 Backend server im-ple-mented with
 []


Underfull \hbox (badness 10000) in paragraph at lines 155--156
[]|\OT1/cmr/m/n/12 Researched databases: SRTM,
 []


Underfull \hbox (badness 10000) in paragraph at lines 158--158
[]|\OT1/cmr/m/n/12 Class di-a-gram for
 []


Underfull \hbox (badness 10000) in paragraph at lines 162--162
[]|\OT1/cmr/m/n/12 Prashil Ru-pa-
 []


Underfull \hbox (badness 10000) in paragraph at lines 163--164
[]|\OT1/cmr/m/n/12 Researched databases: SRTM,
 []


Underfull \hbox (badness 10000) in paragraph at lines 166--166
[]|\OT1/cmr/m/n/12 Class di-a-gram for
 []


Underfull \hbox (badness 10000) in paragraph at lines 171--171
[]|\OT1/cmr/m/n/12 Python de-pen-dency
 []


Underfull \hbox (badness 10000) in paragraph at lines 185--185
[]|\OT1/cmr/m/n/12 Pamirbek Al-
 []


Overfull \hbox (36.04979pt too wide) in alignment at lines 120--192
 [] [] [] [] 
 []

[6] [7]

[8]
Overfull \hbox (5.45605pt too wide) in paragraph at lines 228--230
[]\OT1/cmr/m/n/12 Curve smooth-ing al-go-rithms Re-sults: im-ple-mented cus-tom smooth-ing al-go-rithms. Namely,
 []



[9]

[10]
Overfull \hbox (0.13203pt too wide) in paragraph at lines 286--287
[]\OT1/cmr/m/n/12 The command-line in-ter-face (\OT1/cmtt/m/n/12 main.py\OT1/cmr/m/n/12 ) was ex-tended to sup-port mul-ti-ple el-e-va-tion sources
 []



[11]

[12]

[13]
<Project_Screenshots/usecase.png, id=199, 749.80125pt x 586.44093pt>
File: Project_Screenshots/usecase.png Graphic file (type png)
<use Project_Screenshots/usecase.png>
Package pdftex.def Info: Project_Screenshots/usecase.png  used on input line 383.
(pdftex.def)             Requested size: 452.9679pt x 354.28333pt.
<Project_Screenshots/GUIconcept.png, id=200, 755.82375pt x 339.51843pt>
File: Project_Screenshots/GUIconcept.png Graphic file (type png)
<use Project_Screenshots/GUIconcept.png>
Package pdftex.def Info: Project_Screenshots/GUIconcept.png  used on input line 411.
(pdftex.def)             Requested size: 452.9679pt x 203.4743pt.


LaTeX Warning: `!h' float specifier changed to `!ht'.


LaTeX Warning: `!h' float specifier changed to `!ht'.


LaTeX Warning: `!h' float specifier changed to `!ht'.

<Project_Screenshots/recording.png, id=201, 241.65282pt x 352.31625pt>
File: Project_Screenshots/recording.png Graphic file (type png)
<use Project_Screenshots/recording.png>
Package pdftex.def Info: Project_Screenshots/recording.png  used on input line 461.
(pdftex.def)             Requested size: 452.9679pt x 660.47307pt.

LaTeX Warning: `!h' float specifier changed to `!ht'.


LaTeX Warning: `!h' float specifier changed to `!ht'.


Underfull \hbox (badness 1478) in paragraph at lines 494--495
[]|\OT1/cmr/m/n/12 The ap-pli-ca-tion dis-plays more de-tails about a se-lected
 []


LaTeX Warning: `!h' float specifier changed to `!ht'.


LaTeX Warning: `!h' float specifier changed to `!ht'.

<Project_Screenshots/recordingdata.png, id=202, 230.36063pt x 341.02406pt>
File: Project_Screenshots/recordingdata.png Graphic file (type png)
<use Project_Screenshots/recordingdata.png>
Package pdftex.def Info: Project_Screenshots/recordingdata.png  used on input line 532.
(pdftex.def)             Requested size: 452.9679pt x 670.61412pt.

LaTeX Warning: `!h' float specifier changed to `!ht'.



[14 <./Project_Screenshots/usecase.png>]

[15 <./Project_Screenshots/GUIconcept.png>]

[16 <./Project_Screenshots/recording.png>]

[17]

[18 <./Project_Screenshots/recordingdata.png>]
<Project_Screenshots/class_diagram_models.png, id=237, 525.46312pt x 730.98094pt>
File: Project_Screenshots/class_diagram_models.png Graphic file (type png)
<use Project_Screenshots/class_diagram_models.png>
Package pdftex.def Info: Project_Screenshots/class_diagram_models.png  used on input line 543.
(pdftex.def)             Requested size: 402.86797pt x 560.40762pt.
<Project_Screenshots/class_diagram_elevation_apis.png, id=238, 769.37437pt x 288.3272pt>
File: Project_Screenshots/class_diagram_elevation_apis.png Graphic file (type png)
<use Project_Screenshots/class_diagram_elevation_apis.png>
Package pdftex.def Info: Project_Screenshots/class_diagram_elevation_apis.png  used on input line 549.
(pdftex.def)             Requested size: 452.9679pt x 169.7552pt.

Underfull \hbox (badness 5274) in paragraph at lines 550--550
[]\OT1/cmr/m/n/12 Figure 7: []Class di-a-gram of el-e-va-tion API com-po-nents (\OT1/cmtt/m/n/12 OpenElevationAPI\OT1/cmr/m/n/12 ,
 []


LaTeX Warning: `!h' float specifier changed to `!ht'.

<Project_Screenshots/class_diagram_plotter.png, id=239, 1193.96063pt x 290.58563pt>
File: Project_Screenshots/class_diagram_plotter.png Graphic file (type png)
<use Project_Screenshots/class_diagram_plotter.png>
Package pdftex.def Info: Project_Screenshots/class_diagram_plotter.png  used on input line 555.
(pdftex.def)             Requested size: 452.9679pt x 110.24188pt.

LaTeX Warning: `!h' float specifier changed to `!ht'.



[19

 <./Project_Screenshots/class_diagram_models.png>]

[20 <./Project_Screenshots/class_diagram_elevation_apis.png> <./Project_Screenshots/class_diagram_plotter.png>]
<Project_Screenshots/curve_smooth.png, id=255, 708.246pt x 325.9377pt>
File: Project_Screenshots/curve_smooth.png Graphic file (type png)
<use Project_Screenshots/curve_smooth.png>
Package pdftex.def Info: Project_Screenshots/curve_smooth.png  used on input line 564.
(pdftex.def)             Requested size: 452.9679pt x 208.46512pt.
<Project_Screenshots/curve smooth 2.png, id=256, 603.4545pt x 381.5856pt>
File: Project_Screenshots/curve smooth 2.png Graphic file (type png)
<use Project_Screenshots/curve smooth 2.png>
Package pdftex.def Info: Project_Screenshots/curve smooth 2.png  used on input line 569.
(pdftex.def)             Requested size: 452.9679pt x 286.43303pt.
<Project_Screenshots/sync.png, id=257, 1130.72438pt x 626.34pt>
File: Project_Screenshots/sync.png Graphic file (type png)
<use Project_Screenshots/sync.png>
Package pdftex.def Info: Project_Screenshots/sync.png  used on input line 574.
(pdftex.def)             Requested size: 452.9679pt x 250.90428pt.


LaTeX Warning: `!h' float specifier changed to `!ht'.

<Project_Screenshots/3d plot.png, id=258, 603.75563pt x 513.41812pt>
File: Project_Screenshots/3d plot.png Graphic file (type png)
<use Project_Screenshots/3d plot.png>
Package pdftex.def Info: Project_Screenshots/3d plot.png  used on input line 580.
(pdftex.def)             Requested size: 452.9679pt x 385.18797pt.

LaTeX Warning: `!h' float specifier changed to `!ht'.

<Project_Screenshots/4ElevationPlotwInterpolatedElevationsandTolerance.png, id=259, 1130.72438pt x 626.34pt>
File: Project_Screenshots/4ElevationPlotwInterpolatedElevationsandTolerance.png Graphic file (type png)
<use Project_Screenshots/4ElevationPlotwInterpolatedElevationsandTolerance.png>
Package pdftex.def Info: Project_Screenshots/4ElevationPlotwInterpolatedElevationsandTolerance.png  used on input line 586.
(pdftex.def)             Requested size: 452.9679pt x 250.90428pt.

LaTeX Warning: `!h' float specifier changed to `!ht'.

<Project_Screenshots/5ElevationPLotusingAPIplot.png, id=260, 1130.72438pt x 626.34pt>
File: Project_Screenshots/5ElevationPLotusingAPIplot.png Graphic file (type png)
<use Project_Screenshots/5ElevationPLotusingAPIplot.png>
Package pdftex.def Info: Project_Screenshots/5ElevationPLotusingAPIplot.png  used on input line 592.
(pdftex.def)             Requested size: 452.9679pt x 250.90428pt.

LaTeX Warning: `!h' float specifier changed to `!ht'.

<Project_Screenshots/7SingleSurfacePlot.png, id=261, 1130.72438pt x 626.34pt>
File: Project_Screenshots/7SingleSurfacePlot.png Graphic file (type png)
<use Project_Screenshots/7SingleSurfacePlot.png>
Package pdftex.def Info: Project_Screenshots/7SingleSurfacePlot.png  used on input line 598.
(pdftex.def)             Requested size: 452.9679pt x 250.90428pt.

LaTeX Warning: `!h' float specifier changed to `!ht'.

<Project_Screenshots/6SurfacePlotComparisonPlot.png, id=262, 1130.72438pt x 626.34pt>
File: Project_Screenshots/6SurfacePlotComparisonPlot.png Graphic file (type png)
<use Project_Screenshots/6SurfacePlotComparisonPlot.png>
Package pdftex.def Info: Project_Screenshots/6SurfacePlotComparisonPlot.png  used on input line 604.
(pdftex.def)             Requested size: 452.9679pt x 250.90428pt.

LaTeX Warning: `!h' float specifier changed to `!ht'.



[21

 <./Project_Screenshots/curve_smooth.png> <./Project_Screenshots/curve smooth 2.png>]

[22 <./Project_Screenshots/sync.png> <./Project_Screenshots/3d plot.png>]

[23 <./Project_Screenshots/4ElevationPlotwInterpolatedElevationsandTolerance.png> <./Project_Screenshots/5ElevationPLotusingAPIplot.png>]

[24 <./Project_Screenshots/7SingleSurfacePlot.png> <./Project_Screenshots/6SurfacePlotComparisonPlot.png>]
<Project_Screenshots/API.png, id=295, 1118.9805pt x 585.387pt>
File: Project_Screenshots/API.png Graphic file (type png)
<use Project_Screenshots/API.png>
Package pdftex.def Info: Project_Screenshots/API.png  used on input line 615.
(pdftex.def)             Requested size: 452.9679pt x 236.96431pt.
<Project_Screenshots/API2.png, id=296, 1079.232pt x 376.40625pt>
File: Project_Screenshots/API2.png Graphic file (type png)
<use Project_Screenshots/API2.png>
Package pdftex.def Info: Project_Screenshots/API2.png  used on input line 616.
(pdftex.def)             Requested size: 452.9679pt x 157.98041pt.


[25

 <./Project_Screenshots/API.png> <./Project_Screenshots/API2.png>]
Underfull \hbox (badness 1303) in paragraph at lines 636--636
[]|\OT1/cmr/bx/n/12 Test Case
 []


Underfull \hbox (badness 10000) in paragraph at lines 636--637
[]|\OT1/cmr/bx/n/12 Status /
 []


Underfull \hbox (badness 10000) in paragraph at lines 638--638
[]|\OT1/cmr/m/n/12 Splash \TS1/cmr/m/n/12 ^^Y \OT1/cmr/m/n/12 Home
 []


Underfull \hbox (badness 1199) in paragraph at lines 640--640
[]|\OT1/cmr/m/n/12 Starts track-ing lo-ca-
 []


Underfull \hbox (badness 10000) in paragraph at lines 642--642
[]|\OT1/cmr/m/n/12 Prompt to
 []


Underfull \hbox (badness 7814) in paragraph at lines 644--644
[]|\OT1/cmr/m/n/12 UI ad-justs with-out
 []


Underfull \hbox (badness 1303) in paragraph at lines 653--653
[]|\OT1/cmr/bx/n/12 Test Case
 []


Underfull \hbox (badness 10000) in paragraph at lines 653--654
[]|\OT1/cmr/bx/n/12 Status /
 []


Underfull \hbox (badness 10000) in paragraph at lines 655--655
[]|\OT1/cmr/m/n/12 GPX file is
 []


Underfull \hbox (badness 2922) in paragraph at lines 661--661
[]|\OT1/cmr/m/n/12 GPX ex-ported with
 []


Underfull \hbox (badness 10000) in paragraph at lines 663--663
[]|\OT1/cmr/m/n/12 Points/elevation
 []


Underfull \hbox (badness 1596) in paragraph at lines 663--664
[]|\OT1/cmr/m/n/12 Needs Fix {
 []


Underfull \hbox (badness 1303) in paragraph at lines 670--670
[]|\OT1/cmr/bx/n/12 Test Case
 []


Underfull \hbox (badness 10000) in paragraph at lines 670--671
[]|\OT1/cmr/bx/n/12 Status /
 []


Underfull \hbox (badness 10000) in paragraph at lines 672--672
[]|\OT1/cmr/m/n/12 Altitude changes
 []


Underfull \hbox (badness 10000) in paragraph at lines 674--674
[]|\OT1/cmr/m/n/12 Distance in-creases
 []


Underfull \hbox (badness 10000) in paragraph at lines 678--678
[]|\OT1/cmr/m/n/12 All points times-
 []


Underfull \hbox (badness 10000) in paragraph at lines 680--681
[]|\OT1/cmr/m/n/12 Needs Fix
 []


Underfull \hbox (badness 10000) in paragraph at lines 680--681
\OT1/cmr/m/n/12 { re-move
 []

[26]
Underfull \hbox (badness 1303) in paragraph at lines 687--687
[]|\OT1/cmr/bx/n/12 Test Case
 []


Underfull \hbox (badness 10000) in paragraph at lines 687--688
[]|\OT1/cmr/bx/n/12 Status /
 []


Underfull \hbox (badness 1810) in paragraph at lines 693--693
[]|\OT1/cmr/m/n/12 App re-sumes or in-
 []


Underfull \hbox (badness 2941) in paragraph at lines 693--694
[]|\OT1/cmr/m/n/12 Pass { New
 []


Underfull \hbox (badness 1303) in paragraph at lines 702--702
[]|\OT1/cmr/bx/n/12 Test Case
 []


Underfull \hbox (badness 10000) in paragraph at lines 702--703
[]|\OT1/cmr/bx/n/12 Status /
 []


Underfull \hbox (badness 10000) in paragraph at lines 706--706
[]|\OT1/cmr/m/n/12 Tracks data when
 []


Underfull \hbox (badness 1303) in paragraph at lines 713--713
[]|\OT1/cmr/bx/n/12 Test Case
 []


Underfull \hbox (badness 10000) in paragraph at lines 713--714
[]|\OT1/cmr/bx/n/12 Status /
 []


Underfull \hbox (badness 10000) in paragraph at lines 715--715
[]|\OT1/cmr/m/n/12 Smooth el-e-va-tion
 []


Underfull \hbox (badness 1596) in paragraph at lines 715--716
[]|\OT1/cmr/m/n/12 Needs Fix {
 []


Underfull \hbox (badness 10000) in paragraph at lines 717--717
[]|\OT1/cmr/m/n/12 Smooth and sta-ble
 []

<Project_Screenshots/coverage1.jpg, id=312, 1606.0pt x 410.53375pt>
File: Project_Screenshots/coverage1.jpg Graphic file (type jpg)
<use Project_Screenshots/coverage1.jpg>
Package pdftex.def Info: Project_Screenshots/coverage1.jpg  used on input line 725.
(pdftex.def)             Requested size: 452.9679pt x 115.78807pt.
<Project_Screenshots/coverage2.jpg, id=313, 1606.0pt x 979.66pt>
File: Project_Screenshots/coverage2.jpg Graphic file (type jpg)
<use Project_Screenshots/coverage2.jpg>
Package pdftex.def Info: Project_Screenshots/coverage2.jpg  used on input line 726.
(pdftex.def)             Requested size: 679.45184pt x 414.47397pt.

Overfull \hbox (226.48395pt too wide) in paragraph at lines 725--727
 [] 
 []


LaTeX Warning: `!h' float specifier changed to `!ht'.

LaTeX Font Info:    Font shape `OT1/cmtt/bx/n' in size <14.4> not available
(Font)              Font shape `OT1/cmtt/m/n' tried instead on input line 735.

Overfull \hbox (11.84682pt too wide) in paragraph at lines 737--738
\OT1/cmr/m/n/12 within \OT1/cmtt/m/n/12 plotter.py\OT1/cmr/m/n/12 . The tests lever-age \OT1/cmtt/m/n/12 pytest \OT1/cmr/m/n/12 for its test-ing frame-work and \OT1/cmtt/m/n/12 unittest.mock
 []



[27]
LaTeX Font Info:    Font shape `OT1/cmtt/bx/n' in size <12> not available
(Font)              Font shape `OT1/cmtt/m/n' tried instead on input line 739.


[28 <./Project_Screenshots/coverage1.jpg> <./Project_Screenshots/coverage2.jpg>]
Overfull \hbox (16.07689pt too wide) in paragraph at lines 749--750
[]\OT1/cmtt/m/n/12 mock[]plt.figure.return[]value = mock[]fig\OT1/cmr/m/n/12 : En-sures that when \OT1/cmtt/m/n/12 plt.figure()
 []


Overfull \hbox (10.49945pt too wide) in paragraph at lines 750--751
[]\OT1/cmtt/m/n/12 mock[]fig.add[]subplot.return[]value = mock[]ax\OT1/cmr/m/n/12 : Con-fig-ures \OT1/cmtt/m/n/12 mock[]fig \OT1/cmr/m/n/12 so that
 []


Overfull \hbox (4.6921pt too wide) in paragraph at lines 762--763
[]\OT1/cmtt/m/n/12 another[]dummy[]elevation[]profile\OT1/cmr/bx/n/12 : \OT1/cmr/m/n/12 Sup-plies a sec-ond, dis-tinct \OT1/cmtt/m/n/12 ElevationProfile
 []


Overfull \hbox (0.6911pt too wide) in paragraph at lines 766--767
\OT1/cmr/m/n/12 The \OT1/cmtt/m/n/12 TestPlotter \OT1/cmr/m/n/12 class is struc-tured to sys-tem-at-i-cally test each com-po-nent of the \OT1/cmtt/m/n/12 Plotter
 []


Overfull \hbox (53.19089pt too wide) in paragraph at lines 770--771
[]\OT1/cmtt/m/n/12 test[]init[]no[]profiles\OT1/cmr/m/n/12 : Ini-tial-izes \OT1/cmtt/m/n/12 Plotter \OT1/cmr/m/n/12 with-out any pro-files. Ver-i-fies \OT1/cmtt/m/n/12 plotter.profiles
 []


Overfull \hbox (18.07188pt too wide) in paragraph at lines 773--774
[]\OT1/cmtt/m/n/12 test[]init[]with[]single[]profile[]named[]none\OT1/cmr/m/n/12 : Name is \OT1/cmtt/m/n/12 None \TS1/cmr/m/n/12 ^^Y \OT1/cmr/m/n/12 auto-named \OT1/cmtt/m/n/12 "Profile
 []



[29]
Overfull \hbox (2.25461pt too wide) in paragraph at lines 791--792
[]\OT1/cmtt/m/n/12 test[]add[]profiles[]duplicate[]name[]overwrites\OT1/cmr/m/n/12 : Du-pli-cate name re-places old one
 []


Overfull \hbox (8.66402pt too wide) in paragraph at lines 802--803
[]\OT1/cmtt/m/n/12 test[]set[]profiles[]invalid[]value\OT1/cmr/m/n/12 : In-valid value types \TS1/cmr/m/n/12 ^^Y \OT1/cmtt/m/n/12 ValueError \OT1/cmr/m/n/12 (Edge Case). 
 []


Overfull \hbox (24.43805pt too wide) in paragraph at lines 808--809
[]\OT1/cmtt/m/n/12 test[]plot[]distance[]vs[]elevation[]single[]profile\OT1/cmr/m/n/12 : Sin-gle pro-file, cus-tom ti-tle/labels
 []



[30]
Overfull \hbox (5.1845pt too wide) in paragraph at lines 811--812
[]\OT1/cmtt/m/n/12 test[]plot[]3d[]lat[]lon[]elevation[]multiple[]profiles\OT1/cmr/m/n/12 : Mul-ti-ple 3D pro-files \TS1/cmr/m/n/12 ^^Y \OT1/cmr/m/n/12 ver-
 []


Overfull \hbox (67.73807pt too wide) in paragraph at lines 831--832
[]\OT1/cmtt/m/n/12 test[]point[]distance[]to\OT1/cmr/m/n/12 : En-sures \OT1/cmtt/m/n/12 distance[]to() \OT1/cmr/m/n/12 in-ter-nally calls static \OT1/cmtt/m/n/12 haversine[]distance()
 []


Overfull \hbox (3.80075pt too wide) in paragraph at lines 839--840
[]\OT1/cmtt/m/n/12 test[]elevation[]profile[]init[]empty[]list\OT1/cmr/m/n/12 , \OT1/cmtt/m/n/12 single[]point\OT1/cmr/m/n/12 , \OT1/cmtt/m/n/12 multiple[]points 
 []


Overfull \hbox (86.17545pt too wide) in paragraph at lines 840--841
[]\OT1/cmr/m/n/12 For mul-ti-ple points, cu-mu-la-tive dis-tances are ver-i-fied with mocked \OT1/cmtt/m/n/12 Point.haversine[]distance\OT1/cmr/m/n/12 . 
 []



[31]
Overfull \hbox (26.27318pt too wide) in paragraph at lines 852--854
\OT1/cmtt/m/n/12 get[]elevation[]stats[]with[]none[]elevations[]...\OT1/cmr/m/n/12 : High-lights a known \OT1/cmtt/m/n/12 TypeError
 []


Overfull \hbox (2.18765pt too wide) in paragraph at lines 878--879
[]\OT1/cmtt/m/n/12 test[]track[]from[]gpx[]file[]multiple[]tracks[]and[]segments\OT1/cmr/m/n/12 : Ver-i-fies cor-rect point
 []



[32]

[33]

[34]
<Project_Screenshots/plotter.png, id=351, 468.24937pt x 68.50594pt>
File: Project_Screenshots/plotter.png Graphic file (type png)
<use Project_Screenshots/plotter.png>
Package pdftex.def Info: Project_Screenshots/plotter.png  used on input line 995.
(pdftex.def)             Requested size: 430.31812pt x 62.96036pt.
<Project_Screenshots/model.png, id=352, 514.17094pt x 73.77562pt>
File: Project_Screenshots/model.png Graphic file (type png)
<use Project_Screenshots/model.png>
Package pdftex.def Info: Project_Screenshots/model.png  used on input line 997.
(pdftex.def)             Requested size: 430.31812pt x 61.74481pt.
<Project_Screenshots/elevation.png, id=353, 468.24937pt x 71.51718pt>
File: Project_Screenshots/elevation.png Graphic file (type png)
<use Project_Screenshots/elevation.png>
Package pdftex.def Info: Project_Screenshots/elevation.png  used on input line 999.
(pdftex.def)             Requested size: 430.31812pt x 65.72784pt.


[35 <./Project_Screenshots/plotter.png> <./Project_Screenshots/model.png> <./Project_Screenshots/elevation.png>]
<Project_Screenshots/iOS-1.jpeg, id=362, 740.7675pt x 1606.0pt>
File: Project_Screenshots/iOS-1.jpeg Graphic file (type jpg)
<use Project_Screenshots/iOS-1.jpeg>
Package pdftex.def Info: Project_Screenshots/iOS-1.jpeg  used on input line 1012.
(pdftex.def)             Requested size: 104.18068pt x 225.8432pt.
<Project_Screenshots/iOS-2.jpeg, id=363, 740.7675pt x 1606.0pt>
File: Project_Screenshots/iOS-2.jpeg Graphic file (type jpg)
<use Project_Screenshots/iOS-2.jpeg>
Package pdftex.def Info: Project_Screenshots/iOS-2.jpeg  used on input line 1013.
(pdftex.def)             Requested size: 104.18068pt x 225.8432pt.
<Project_Screenshots/iOS-3.jpeg, id=364, 740.7675pt x 1606.0pt>
File: Project_Screenshots/iOS-3.jpeg Graphic file (type jpg)
<use Project_Screenshots/iOS-3.jpeg>
Package pdftex.def Info: Project_Screenshots/iOS-3.jpeg  used on input line 1014.
(pdftex.def)             Requested size: 104.18068pt x 225.8432pt.
<Project_Screenshots/iOS-4.jpeg, id=365, 740.7675pt x 1606.0pt>
File: Project_Screenshots/iOS-4.jpeg Graphic file (type jpg)
<use Project_Screenshots/iOS-4.jpeg>
Package pdftex.def Info: Project_Screenshots/iOS-4.jpeg  used on input line 1015.
(pdftex.def)             Requested size: 104.18068pt x 225.8432pt.
<Project_Screenshots/iOS-5.jpeg, id=366, 740.7675pt x 1606.0pt>
File: Project_Screenshots/iOS-5.jpeg Graphic file (type jpg)
<use Project_Screenshots/iOS-5.jpeg>
Package pdftex.def Info: Project_Screenshots/iOS-5.jpeg  used on input line 1020.
(pdftex.def)             Requested size: 104.18068pt x 225.8432pt.
<Project_Screenshots/iOS-6.jpeg, id=367, 740.7675pt x 1606.0pt>
File: Project_Screenshots/iOS-6.jpeg Graphic file (type jpg)
<use Project_Screenshots/iOS-6.jpeg>
Package pdftex.def Info: Project_Screenshots/iOS-6.jpeg  used on input line 1021.
(pdftex.def)             Requested size: 104.18068pt x 225.8432pt.
<Project_Screenshots/iOS-7.jpeg, id=368, 740.7675pt x 1606.0pt>
File: Project_Screenshots/iOS-7.jpeg Graphic file (type jpg)
<use Project_Screenshots/iOS-7.jpeg>
Package pdftex.def Info: Project_Screenshots/iOS-7.jpeg  used on input line 1022.
(pdftex.def)             Requested size: 104.18068pt x 225.8432pt.
<Project_Screenshots/iOS-8.jpeg, id=369, 740.7675pt x 1606.0pt>
File: Project_Screenshots/iOS-8.jpeg Graphic file (type jpg)
<use Project_Screenshots/iOS-8.jpeg>
Package pdftex.def Info: Project_Screenshots/iOS-8.jpeg  used on input line 1023.
(pdftex.def)             Requested size: 104.18068pt x 225.8432pt.
<Project_Screenshots/java1.png, id=370, 1084.05pt x 2348.775pt>
File: Project_Screenshots/java1.png Graphic file (type png)
<use Project_Screenshots/java1.png>
Package pdftex.def Info: Project_Screenshots/java1.png  used on input line 1030.
(pdftex.def)             Requested size: 104.18068pt x 225.71638pt.
<Project_Screenshots/java2.png, id=371, 1084.05pt x 2348.775pt>
File: Project_Screenshots/java2.png Graphic file (type png)
<use Project_Screenshots/java2.png>
Package pdftex.def Info: Project_Screenshots/java2.png  used on input line 1031.
(pdftex.def)             Requested size: 104.18068pt x 225.71638pt.
<Project_Screenshots/java3.png, id=372, 1084.05pt x 2348.775pt>
File: Project_Screenshots/java3.png Graphic file (type png)
<use Project_Screenshots/java3.png>
Package pdftex.def Info: Project_Screenshots/java3.png  used on input line 1032.
(pdftex.def)             Requested size: 104.18068pt x 225.71638pt.
<Project_Screenshots/java4.png, id=373, 1084.05pt x 2348.775pt>
File: Project_Screenshots/java4.png Graphic file (type png)
<use Project_Screenshots/java4.png>
Package pdftex.def Info: Project_Screenshots/java4.png  used on input line 1033.
(pdftex.def)             Requested size: 104.18068pt x 225.71638pt.
<Project_Screenshots/java5.png, id=374, 1084.05pt x 2348.775pt>
File: Project_Screenshots/java5.png Graphic file (type png)
<use Project_Screenshots/java5.png>
Package pdftex.def Info: Project_Screenshots/java5.png  used on input line 1034.
(pdftex.def)             Requested size: 104.18068pt x 225.71638pt.


LaTeX Warning: `!h' float specifier changed to `!ht'.



[36

 <./Project_Screenshots/iOS-1.jpeg> <./Project_Screenshots/iOS-2.jpeg> <./Project_Screenshots/iOS-3.jpeg> <./Project_Screenshots/iOS-4.jpeg> <./Project_Screenshots/iOS-5.jpeg> <./Project_Screenshots/iOS-6.jpeg> <./Project_Screenshots/iOS-7.jpeg> <./Project_Screenshots/iOS-8.jpeg>]

[37 <./Project_Screenshots/java1.png> <./Project_Screenshots/java2.png> <./Project_Screenshots/java3.png> <./Project_Screenshots/java4.png> <./Project_Screenshots/java5.png>]

[38

]

[39]

[40

] (Docs_fixed.aux)
 ***********
LaTeX2e <2024-06-01> patch level 2
L3 programming layer <2024-09-10>
 ***********
Package rerunfilecheck Info: File `Docs_fixed.out' has not changed.
(rerunfilecheck)             Checksum: 447F55BB42ECA357D3244A38E770D10F;3856.
 ) 
Here is how much of TeX's memory you used:
 10587 strings out of 473899
 172762 string characters out of 5726499
 619597 words of memory out of 5000000
 33236 multiletter control sequences out of 15000+600000
 564259 words of font info for 57 fonts, out of 8000000 for 9000
 1141 hyphenation exceptions out of 8191
 75i,12n,79p,1227b,623s stack positions out of 10000i,1000n,20000p,200000b,200000s
 <C:\Users\rupap\AppData\Local\MiKTeX\fonts/pk/ljfour/jknappen/ec/dpi600\tcrm1200.pk><C:/Users/rupap/AppData/Local/Programs/MiKTeX/fonts/type1/public/amsfonts/cm/cmbx12.pfb><C:/Users/rupap/AppData/Local/Programs/MiKTeX/fonts/type1/public/amsfonts/cm/cmr12.pfb><C:/Users/rupap/AppData/Local/Programs/MiKTeX/fonts/type1/public/amsfonts/cm/cmr17.pfb><C:/Users/rupap/AppData/Local/Programs/MiKTeX/fonts/type1/public/amsfonts/cm/cmti12.pfb><C:/Users/rupap/AppData/Local/Programs/MiKTeX/fonts/type1/public/amsfonts/cm/cmtt12.pfb>
Output written on Docs_fixed.pdf (40 pages, 2954255 bytes).
PDF statistics:
 457 PDF objects out of 1000 (max. 8388607)
 104 named destinations out of 1000 (max. 500000)
 381 words of extra memory for PDF output out of 10000 (max. 10000000)

